0.0110959   0.409937   -0.00907236
-0.100159   -0.228289   -0.379972
0.346512   0.337917   -0.478928
0.388069   -0.20276   0.304266
0.38581   0.251821   0.325583
-0.310615   -0.192967   -0.449528
-0.416612   0.398029   0.0704154
-0.00987974   -0.136989   0.163931
0.269505   -0.150225   0.137254
0.0836351   0.357992   -0.198545
-0.460869   0.0155067   -0.352067
-0.398564   -0.35821   0.334671
-0.0448001   -0.482468   0.47041
-0.319133   -0.411209   0.142918
-0.345086   -0.448506   -0.314765
-0.492505   0.481555   0.250123
-0.117088   -0.253074   -0.179129
0.075017   0.104985   -0.487183
-0.345345   0.0276912   0.435337
-0.14292   -0.0629651   -0.275691
-0.412004   0.224408   0.233289
-0.231472   -0.376894   -0.498081
-0.191852   -0.0465406   0.209991
0.0596621   -0.0911336   0.494174
-0.377715   -0.181355   0.153676
0.279517   0.259348   -0.143119
0.438635   -0.261082   0.120551
0.290099   -0.117542   -0.0908545
-0.276367   0.420275   0.260382
0.115129   -0.462507   -0.292546
0.187504   -0.373183   0.104654
0.104161   0.23814   -0.000483755
-0.200516   0.10311   -0.149297
0.208758   -0.270799   -0.219556
-0.292996   0.235368   0.448698
0.06186   0.0766431   0.119675
0.210843   -0.48671   -0.121241
-0.277582   0.0519232   -0.342685
-0.320372   -0.228797   -0.245793
-0.392287   -0.0269587   -0.154821
0.209166   0.0779392   -0.104205
-0.346989   -0.34025   -0.036513
-0.2361   -0.128125   -0.0626095
0.355065   -0.41728   -0.270641
0.0638768   -0.48588   0.214932
0.251164   0.179917   0.221441
-0.497134   -0.193293   -0.0739735
-0.423994   0.238421   -0.408556
-0.139411   0.281742   -0.446741
-0.0959146   0.320626   0.360054
0.44233   -0.469677   0.0300456
0.42256   0.237627   0.107016
0.488386   -0.171493   -0.478719
0.448227   0.0995051   0.463866
0.177682   0.210843   -0.339657
-0.446135   0.347853   0.450197
0.475786   0.349661   -0.123369
-0.450018   0.107287   0.0109206
0.46913   -0.0752244   0.0760019
0.0657328   0.362286   -0.417177
-0.498994   -0.452515   -0.441475
0.413783   -0.212456   -0.291946
-0.160386   -0.137069   0.441819
0.0840825   -0.287881   -0.439802
0.054926   -0.361358   -0.0995197
-0.0743609   -0.00346107   -0.0332195
0.175139   0.365203   0.128636
0.0500413   -0.108894   -0.254094
0.325925   0.385386   0.0109737
-0.255986   0.269328   -0.271552
-0.0882525   0.244864   0.0827021
-0.0894865   0.295559   -0.158114
-0.149029   -0.444567   -0.106244
-0.296316   0.257577   0.0075507
-0.182039   -0.271168   0.0453052
-0.257379   0.0424874   0.0540106
0.0726682   0.232161   0.272179
0.311915   0.487171   0.214989
-0.18806   0.15697   0.26397
-0.0377684   0.0363289   0.318407
0.284477   -0.274761   -0.431926
0.207453   0.355147   0.355276
0.0153268   -0.21769   0.343855
0.313083   0.0699712   0.0438804
0.222595   -0.498464   -0.471937
0.382055   -0.40726   0.386053
0.272239   0.401539   -0.291457
0.30977   -0.319671   -0.0236188
0.249545   0.16725   0.448859
-0.132918   0.0666219   -0.484032
-0.312489   0.412842   -0.140776
0.358618   -0.00833329   0.22776
0.492485   0.399772   -0.32607
-0.166329   -0.354827   0.256253
0.0333889   0.108865   -0.230754
-0.403566   -0.158549   0.350167
-0.439894   0.0149114   0.223252
-0.269616   0.432515   -0.478156
0.185793   -0.355166   0.348509
-0.150382   0.454368   0.106018
0.155208   -0.0549965   0.299255
-0.134638   0.461833   -0.28047
0.263162   -0.0430304   0.468422
0.395072   0.182035   -0.316313
0.275191   -0.0739944   -0.31834
0.396503   0.0377356   -0.185152
0.128768   -0.154752   0.00506209
-0.413803   0.186456   -0.197153
