0.515868   0.602309   0.311183
-0.260857   -0.375261   -0.246786
0.828203   -0.0294537   1.21765
-1.72709   0.541654   0.867644
1.50345   0.236251   0.506653
0.0387606   -0.0867529   -0.0616063
1.59029   -0.481081   -1.17109
-0.816041   -0.490916   0.614078
-1.66051   0.0381429   -1.37609
0.529213   -0.391238   -1.18197
0.317726   0.265869   -0.00736426
1.3165   1.32873   0.975821
-0.583342   1.31782   0.74613
1.14851   0.0897234   0.324033
-0.202584   -0.23437   1.22091
-1.96526   0.506912   -0.744373
0.827643   -1.40989   -0.40641
-1.10368   -0.182371   -1.51156
0.0225438   1.01278   2.21896
-0.664438   -1.02458   -0.327118
-0.041721   1.73149   -0.109601
-0.778192   -0.783528   1.28781
2.01511   -1.48967   -1.96723
-0.451774   1.65946   -0.364312
-0.41762   1.67661   -0.217258
-0.73096   1.01527   -0.229878
-0.0342301   -1.10088   0.62206
1.78641   -0.16665   0.682397
0.86068   0.0976904   -0.357433
0.609382   1.07924   -0.773501
0.171747   -1.24316   -0.686804
-1.34165   1.06725   -0.217926
0.831544   0.153065   -0.0967729
1.43408   -1.42944   -1.16764
-0.974144   0.802439   -1.04887
1.52649   -1.11301   0.684843
-0.126754   -0.191449   -0.472263
-0.388551   -0.62982   0.800839
-0.897416   1.14733   0.998259
0.663485   -0.837332   0.712642
-2.30681   -1.16023   -0.361594
-2.20711   2.07684   0.463126
-1.52225   0.271496   1.54635
0.201322   0.245926   -0.454395
0.0436822   -0.47867   1.53151
-1.04453   -0.0279095   -1.38093
1.57212   -0.191757   1.88381
0.053107   -1.7357   -0.0473036
1.03651   0.541298   0.798367
0.340765   1.04523   0.499204
-0.253555   1.17155   0.0427593
-1.87872   0.101911   0.968798
-0.367693   1.05434   0.891158
-2.55604   -1.31038   1.07061
0.927751   -0.403235   -1.13674
0.471478   -0.476924   -1.91315
-0.336087   -1.20492   1.23704
-0.47149   -0.146316   -1.87639
0.0750262   -0.460199   1.57768
-1.32561   -0.441468   -0.877285
-0.212052   -0.400708   -0.616978
0.243821   0.72972   0.942113
0.0924081   0.0465507   0.0504288
0.94905   2.06682   0.911581
0.675092   -1.64602   -1.35277
-0.785615   -0.574632   0.394639
-0.775051   0.0981756   -0.831971
-0.577208   1.85598   1.03813
-0.759085   0.40658   0.651618
-0.373412   0.216193   0.693347
0.729237   -1.76173   -0.0834749
1.11484   0.204134   0.13804
0.483521   -0.497017   0.0454883
0.093022   -1.0335   -1.45468
-1.61677   -1.12858   -0.935685
-0.374564   1.07058   -1.07787
1.4317   -1.0754   1.41138
-0.915951   -0.913679   -1.63204
-0.472254   2.03883   -1.49807
3.05435   1.16284   0.777168
0.94093   0.478501   -0.775257
-0.772745   0.259905   1.52543
0.897915   -1.66551   -0.290956
-0.897836   0.0704633   0.60428
-0.263935   -2.40575   1.48621
2.01543   0.950131   1.76898
2.34623   -0.963228   -0.274984
0.881957   -0.442594   0.185714
-1.44707   1.12834   -0.431791
0.964914   0.534949   -3.89869
-0.617078   1.32505   -1.30275
2.58363   -0.325132   0.777718
-2.77695   0.201504   -0.498832
1.18954   -1.27724   -0.746563
0.695277   -2.08203   -0.216453
0.501255   -0.173944   0.496557
-0.370848   2.47687   -1.06912
0.051031   -0.354989   -0.683268
0.0821951   1.56756   0.854432
0.721177   0.338336   -0.641031
-0.0216229   -0.621306   -0.347601
-1.97886   -1.23222   -0.274302
0.802486   1.35405   1.24249
0.699055   0.0176835   1.04815
-0.474996   0.187703   0.274824
0.729941   0.632341   -0.630083
-1.048   -0.331987   0.764729
-1.26078   -1.66265   -1.02892
