0.494252   -0.492588   0.498657
-0.346831   -0.339168   0.495262
-0.49884   -0.343317   -0.322655
-0.333941   -0.495287   -0.325987
-0.153774   0.499844   0.499318
-0.0128205   -0.321196   -0.46364
-0.182067   -0.332234   -0.319283
0.00728123   0.49999   -0.338085
0.173568   0.49466   0.493738
0.325978   -0.306435   -0.494767
0.167997   -0.322957   -0.325885
0.321608   0.496551   -0.337031
-0.499995   -0.16659   0.497745
-0.321565   0.00889891   -0.473495
0.491716   0.000159209   -0.339761
-0.346945   -0.186077   -0.338237
-0.17598   -0.163244   -0.490065
-0.00993617   -0.022036   0.497453
-0.160666   -0.0114512   -0.323852
-0.00380329   -0.162955   -0.304206
0.165408   -0.160326   0.487332
0.340349   0.0120954   0.482779
0.156266   0.0101394   -0.356052
0.327571   -0.157402   -0.331404
-0.494005   0.162209   0.497056
-0.323693   0.328958   0.49273
-0.498689   0.354241   -0.349102
-0.332288   0.145095   -0.316
-0.151577   0.176662   0.495705
-0.0021131   0.331243   0.489068
-0.170648   0.325153   -0.322291
-0.00220125   0.164702   -0.35603
0.164598   0.166885   0.485537
0.333529   0.319174   0.488345
0.181807   0.333568   -0.338905
0.332648   0.159128   -0.335918
0.482439   -0.488388   -0.150342
-0.348923   -0.347638   -0.152415
-0.497464   -0.320194   0.000386404
-0.313718   0.498947   0.0160593
-0.168645   0.490248   -0.163386
-0.00598868   -0.34395   -0.169923
-0.157588   -0.338809   -0.00745167
0.0113008   -0.496045   0.00465427
0.170091   0.490226   -0.170378
0.329341   -0.331906   -0.169444
0.177571   -0.336811   0.014181
0.32559   0.499581   -0.0109674
-0.499869   -0.153334   -0.169506
-0.336744   -0.0166021   -0.1851
0.497974   -0.0063972   -0.0258737
-0.329471   -0.146742   -0.00234429
-0.184717   -0.182477   -0.166867
-0.0115886   0.00262427   -0.165155
-0.173455   0.00773051   -0.00951272
-0.0119751   -0.177488   -0.0120198
0.164139   -0.165752   -0.156497
0.319312   0.00165782   -0.169955
0.173819   0.00690937   0.00495593
0.330507   -0.170011   -0.00930405
-0.499097   0.1716   -0.185024
-0.349175   0.339249   -0.172306
-0.495116   0.33098   0.00104224
-0.339301   0.151618   0.00741385
-0.167927   0.167396   -0.173763
0.00273715   0.329707   -0.164463
-0.188997   0.323837   -0.00381428
0.000744462   0.161062   0.000329933
0.150559   0.156973   -0.186097
0.326993   0.32525   -0.167195
0.152273   0.322255   -0.0038432
0.33941   0.169943   -0.0182791
-0.499034   -0.481687   0.180451
-0.320603   -0.331433   0.167128
0.494855   -0.325875   0.342794
-0.329676   0.49911   0.355973
-0.145364   -0.482516   0.204289
0.00879043   -0.333146   0.162469
-0.168273   -0.319896   0.349943
0.0192317   -0.475554   0.342257
0.168065   0.493795   0.162034
0.32788   -0.33677   0.175884
0.185138   -0.31462   0.334793
0.321839   0.493944   0.328519
-0.479566   -0.176362   0.181696
-0.322368   -0.0109454   0.166895
-0.480577   -0.00785013   0.322349
-0.320582   -0.17842   0.344428
-0.168577   -0.149703   0.181111
0.00948232   0.000348929   0.168013
-0.169135   0.00207044   0.355577
0.0114474   -0.179519   0.343371
0.155771   -0.15798   0.15168
0.335274   0.0103052   0.156652
0.182763   0.0122297   0.336723
0.362093   -0.153456   0.328726
-0.485413   0.162677   0.155907
-0.321358   0.331718   0.168455
-0.492106   0.352899   0.334797
-0.34395   0.147025   0.324615
-0.171159   0.151798   0.179905
-0.00742577   0.339027   0.15079
-0.172387   0.321759   0.329083
-0.00146658   0.152163   0.33817
0.173301   0.163328   0.181176
0.313098   0.339194   0.152808
0.138586   0.330479   0.329058
0.354162   0.180521   0.30561
