-1.15021   -0.201645   0.433612
-0.0848455   1.95864   0.0193079
0.900752   0.492317   -0.929931
-0.0642835   0.125449   -0.874867
-0.8704   0.422433   -0.537313
-0.0974529   -1.87272   -0.73945
-0.306024   -0.212403   0.791208
0.169932   -0.634327   -0.0991935
-1.58527   0.633791   -0.857903
0.117447   -0.0828201   -0.265188
1.28191   0.504386   -0.232298
0.301995   0.576615   0.75889
-2.06771   -0.814576   1.05923
0.375445   1.07272   -0.675254
-1.03308   -0.399388   -0.34091
0.218408   -1.27134   -0.723845
0.306351   -1.23828   0.69843
0.464778   0.389565   -0.402759
-0.939325   0.00819375   0.474171
1.5716   -0.530341   0.119837
0.686005   1.26356   -0.540651
-0.0760112   -0.995477   0.225332
0.887136   0.044568   0.365631
-2.11856   0.669822   1.51003
-0.310109   -1.09074   -0.525006
-0.683277   -0.724335   -1.24885
1.14984   1.6144   -1.91124
0.763467   0.374212   1.27042
-0.417226   -1.30459   0.365637
0.711439   2.02367   0.0502272
-1.22283   0.0339468   -0.0675269
0.0648332   -0.591175   0.428234
0.245623   -0.0540767   -0.0393657
1.00291   -0.119108   -0.804555
0.784918   -0.272492   -0.48434
-0.240354   -1.45459   0.599103
-0.13306   -2.26814   -0.342639
0.375988   0.802566   1.22012
-0.37682   1.43545   0.837142
0.437493   1.46305   -0.410364
-0.525178   0.104195   -0.189238
1.85807   0.174417   -0.887546
-1.183   -0.374428   -0.997928
2.32453   0.765324   0.335477
0.0229363   -1.17157   -0.667392
1.44931   -1.16564   1.66434
-0.376782   -1.30929   0.328812
-0.238476   2.18843   1.87842
-0.840446   0.201819   1.03683
0.379934   -0.855866   -0.433459
-0.935405   -0.921347   -0.902375
-0.415219   -0.241033   0.724099
-0.361347   -0.350958   0.696519
-0.774559   0.170931   0.728008
-0.0408029   0.0865178   0.0182537
-1.51904   -0.0282459   0.822043
0.266823   -1.20853   0.489013
1.18461   -0.249439   -0.793352
-0.221227   -0.270453   -1.77119
-0.0601308   1.53221   -0.713975
-0.692624   -0.304998   0.0858011
-0.227677   -0.073213   0.339178
0.21542   1.53882   -0.490642
-0.200782   1.10508   -0.550492
-0.0978743   -0.398618   -0.355653
-0.789739   -0.160114   -0.341555
1.02182   1.2753   2.35091
0.104472   -1.13854   -0.170488
0.984008   -0.298783   -0.007388
0.373577   -1.7889   0.0871256
2.3689   -0.456241   0.190201
1.41073   -0.254271   -1.01918
0.228343   1.19609   -0.883652
0.536631   -0.926889   -0.51277
-0.459619   1.12183   -1.49213
-1.82828   -0.754519   1.21148
1.44905   -2.10523   1.96559
-0.374474   0.360473   0.900401
1.55866   0.844073   1.05366
1.39104   0.597853   -0.560899
1.036   0.747305   0.629664
0.52154   0.0802474   -0.387632
-0.713076   -0.57835   -0.109721
-0.53162   0.590366   0.311598
-0.0416515   1.26602   0.44666
-0.940208   -0.133564   -1.16009
0.183586   0.962973   0.387603
0.735873   0.0125656   0.669006
0.321595   0.29745   2.22934
-0.452113   -0.855159   -0.74943
0.353136   1.05446   0.348611
-0.662317   -1.47219   0.875159
-1.79957   0.103375   -2.29935
-0.246711   0.473359   0.234233
1.23746   0.849027   1.55451
0.938978   0.602754   0.903575
-0.431095   0.463059   -0.657306
-0.469475   -0.858351   -1.01951
-0.661004   1.31353   -2.25333
-0.0612581   -0.127092   0.546809
-0.834952   -0.0460813   -0.312496
1.01835   0.232989   0.105766
-2.1288   0.85072   0.979209
-1.16633   -0.172257   0.741846
0.860638   0.449911   -2.01842
-0.135776   -0.756272   -1.3103
-0.163524   -1.46619   0.54792
-1.77526   -0.117673   -0.571908
